INFO:root:
----------------------[Log Data]--------------------------

INFO:root:[25/08/2021 11:42:15] | Start logging...       
INFO:root:[25/08/2021 11:42:15] | Logging file location  :  ./logs/loginfo_25-08-2021_11-42-15.log
INFO:root:
------------------[ CRISPs parameter ]------------------

#Process time stamp      : 25/08/2021 11:42:15
#CRISP running mode : train_sr
#CRISP Logging mode : True

===================[ Super Resolution ]========================

#SR. model id            : sr_model
#SR. model traning data  : ./sr_data/training_data/contour_data/
#SR. trained model path  : ./sr_data/models/
#SR. input lowRes. image : ./sr_data/lowres_input/
#SR. upscaled images path: ./sr_data/upscaled_output/
#SR. init. learning rate : 0.0001
#SR. upscaled factor     : 2
#SR. LR. decay freq.     : 5000
#SR. LR. decay perc.     : 25%
#SR. training loss type  : L1
#SR. training epoches    : 1000
#SR. Show model summary  : False
#SR. model autosave freq.: 100
#SR. training batch size : 4
#SR. output custom resize: False
#SR. custom out (h x w)  : (1200, 1200)
#SR. sharpen output      : False
#SR. denoise output      : False
================================================================

INFO:root:[25/08/2021 11:42:18] | Total training image set found: 0
INFO:root:[25/08/2021 11:42:18] | Press [u] update preview | [s] save model | [f] screen fit view | [q] for Save and Exit, on preview screen window
INFO:root:[25/08/2021 11:42:18] | Press [o] preview in original dim. | [h] horizontally aligned view | [v] vertically aligned view, on preview window
INFO:root:
|=================| SuperResoultion Model |================|
| 
| Model name            : sr_model
| Model Scale factor    : 2x
| Training data source  : ./sr_data/training_data/contour_data/
| Loss function type    : L1
| SR Model Optimizer    : Adam
| Total epoche(s) run   : 0
| Target epoch          : 1000
| LR Decay enabled      : False
| Training batch size   : 4
| Trained on            : GPU (CUDA_CORE)
| 
|===========================================================|

